{"/Users/hugo/hack-reactor/fec/photo-gallery/database/PhotoModel.js": {"path":"/Users/hugo/hack-reactor/fec/photo-gallery/database/PhotoModel.js","statementMap":{"0":{"start":{"line":1,"column":17},"end":{"line":1,"column":36}},"1":{"start":{"line":3,"column":20},"end":{"line":15,"column":2}},"2":{"start":{"line":17,"column":14},"end":{"line":17,"column":50}},"3":{"start":{"line":19,"column":0},"end":{"line":19,"column":23}}},"fnMap":{},"branchMap":{},"s":{"0":2,"1":2,"2":2,"3":2},"f":{},"b":{},"_coverageSchema":"1a1c01bbd47fc00a2c39e90264f33305004495a9","hash":"7c6ad3e1cc5b686697c00a6dbe7c0a01c94198dc"}
,"/Users/hugo/hack-reactor/fec/photo-gallery/database/connect.js": {"path":"/Users/hugo/hack-reactor/fec/photo-gallery/database/connect.js","statementMap":{"0":{"start":{"line":1,"column":17},"end":{"line":1,"column":36}},"1":{"start":{"line":3,"column":0},"end":{"line":8,"column":3}},"2":{"start":{"line":10,"column":11},"end":{"line":10,"column":30}},"3":{"start":{"line":12,"column":0},"end":{"line":12,"column":65}},"4":{"start":{"line":14,"column":0},"end":{"line":16,"column":3}},"5":{"start":{"line":15,"column":2},"end":{"line":15,"column":54}},"6":{"start":{"line":23,"column":0},"end":{"line":23,"column":20}}},"fnMap":{"0":{"name":"(anonymous_0)","decl":{"start":{"line":14,"column":16},"end":{"line":14,"column":17}},"loc":{"start":{"line":14,"column":22},"end":{"line":16,"column":1}},"line":14}},"branchMap":{},"s":{"0":1,"1":1,"2":1,"3":1,"4":1,"5":1,"6":1},"f":{"0":1},"b":{},"_coverageSchema":"1a1c01bbd47fc00a2c39e90264f33305004495a9","hash":"aefbe6a0414a1dcd026de891ffa22afa6f29b2ac"}
,"/Users/hugo/hack-reactor/fec/photo-gallery/database/index.js": {"path":"/Users/hugo/hack-reactor/fec/photo-gallery/database/index.js","statementMap":{"0":{"start":{"line":3,"column":14},"end":{"line":3,"column":40}},"1":{"start":{"line":5,"column":22},"end":{"line":11,"column":1}},"2":{"start":{"line":6,"column":17},"end":{"line":6,"column":60}},"3":{"start":{"line":7,"column":2},"end":{"line":9,"column":3}},"4":{"start":{"line":8,"column":4},"end":{"line":8,"column":95}},"5":{"start":{"line":10,"column":2},"end":{"line":10,"column":16}},"6":{"start":{"line":13,"column":20},"end":{"line":25,"column":1}},"7":{"start":{"line":14,"column":16},"end":{"line":21,"column":4}},"8":{"start":{"line":23,"column":2},"end":{"line":23,"column":21}},"9":{"start":{"line":24,"column":2},"end":{"line":24,"column":60}},"10":{"start":{"line":27,"column":0},"end":{"line":29,"column":1}}},"fnMap":{"0":{"name":"(anonymous_0)","decl":{"start":{"line":5,"column":22},"end":{"line":5,"column":23}},"loc":{"start":{"line":5,"column":54},"end":{"line":11,"column":1}},"line":5},"1":{"name":"(anonymous_1)","decl":{"start":{"line":13,"column":20},"end":{"line":13,"column":21}},"loc":{"start":{"line":13,"column":54},"end":{"line":25,"column":1}},"line":13}},"branchMap":{"0":{"loc":{"start":{"line":7,"column":2},"end":{"line":9,"column":3}},"type":"if","locations":[{"start":{"line":7,"column":2},"end":{"line":9,"column":3}},{"start":{"line":7,"column":2},"end":{"line":9,"column":3}}],"line":7}},"s":{"0":2,"1":2,"2":2,"3":2,"4":1,"5":1,"6":2,"7":6,"8":6,"9":6,"10":2},"f":{"0":2,"1":6},"b":{"0":[1,1]},"_coverageSchema":"1a1c01bbd47fc00a2c39e90264f33305004495a9","hash":"89911ad824ba94e12b874e919aa0f0abcf1cd662"}
,"/Users/hugo/hack-reactor/fec/photo-gallery/database/seed/seed-functions.js": {"path":"/Users/hugo/hack-reactor/fec/photo-gallery/database/seed/seed-functions.js","statementMap":{"0":{"start":{"line":1,"column":20},"end":{"line":1,"column":54}},"1":{"start":{"line":5,"column":22},"end":{"line":8,"column":1}},"2":{"start":{"line":6,"column":2},"end":{"line":6,"column":32}},"3":{"start":{"line":7,"column":2},"end":{"line":7,"column":43}},"4":{"start":{"line":10,"column":21},"end":{"line":21,"column":1}},"5":{"start":{"line":11,"column":2},"end":{"line":20,"column":3}},"6":{"start":{"line":12,"column":4},"end":{"line":12,"column":34}},"7":{"start":{"line":14,"column":4},"end":{"line":16,"column":5}},"8":{"start":{"line":15,"column":6},"end":{"line":15,"column":30}},"9":{"start":{"line":19,"column":4},"end":{"line":19,"column":21}},"10":{"start":{"line":23,"column":0},"end":{"line":25,"column":1}}},"fnMap":{"0":{"name":"(anonymous_0)","decl":{"start":{"line":5,"column":22},"end":{"line":5,"column":23}},"loc":{"start":{"line":5,"column":42},"end":{"line":8,"column":1}},"line":5},"1":{"name":"(anonymous_1)","decl":{"start":{"line":10,"column":21},"end":{"line":10,"column":22}},"loc":{"start":{"line":10,"column":47},"end":{"line":21,"column":1}},"line":10}},"branchMap":{},"s":{"0":1,"1":1,"2":2,"3":2,"4":1,"5":2,"6":2,"7":2,"8":6,"9":0,"10":1},"f":{"0":2,"1":2},"b":{},"_coverageSchema":"1a1c01bbd47fc00a2c39e90264f33305004495a9","hash":"28a019471850cd1f1e44fb085cfaf11665a70022"}
,"/Users/hugo/hack-reactor/fec/photo-gallery/server/app.js": {"path":"/Users/hugo/hack-reactor/fec/photo-gallery/server/app.js","statementMap":{"0":{"start":{"line":1,"column":16},"end":{"line":1,"column":34}},"1":{"start":{"line":2,"column":12},"end":{"line":2,"column":21}},"2":{"start":{"line":4,"column":16},"end":{"line":4,"column":47}},"3":{"start":{"line":6,"column":0},"end":{"line":14,"column":2}},"4":{"start":{"line":7,"column":2},"end":{"line":13,"column":3}},"5":{"start":{"line":8,"column":19},"end":{"line":8,"column":88}},"6":{"start":{"line":9,"column":4},"end":{"line":9,"column":21}},"7":{"start":{"line":11,"column":4},"end":{"line":11,"column":21}},"8":{"start":{"line":12,"column":4},"end":{"line":12,"column":45}},"9":{"start":{"line":18,"column":0},"end":{"line":18,"column":21}}},"fnMap":{"0":{"name":"(anonymous_0)","decl":{"start":{"line":6,"column":39},"end":{"line":6,"column":40}},"loc":{"start":{"line":6,"column":59},"end":{"line":14,"column":1}},"line":6}},"branchMap":{},"s":{"0":1,"1":1,"2":1,"3":1,"4":2,"5":2,"6":1,"7":1,"8":1,"9":1},"f":{"0":2},"b":{},"_coverageSchema":"1a1c01bbd47fc00a2c39e90264f33305004495a9","hash":"e5966d554239e159bb443e1f632f402778150c3c"}
}
