TN:
SF:database/PhotoModel.js
FNF:0
FNH:0
DA:1,2
DA:3,2
DA:17,2
DA:19,2
LF:4
LH:4
BRF:0
BRH:0
end_of_record
TN:
SF:database/connect.js
FN:14,(anonymous_0)
FNF:1
FNH:1
FNDA:1,(anonymous_0)
DA:1,1
DA:3,1
DA:10,1
DA:12,1
DA:14,1
DA:15,1
DA:23,1
LF:7
LH:7
BRF:0
BRH:0
end_of_record
TN:
SF:database/index.js
FN:5,(anonymous_0)
FN:13,(anonymous_1)
FNF:2
FNH:2
FNDA:2,(anonymous_0)
FNDA:6,(anonymous_1)
DA:3,2
DA:5,2
DA:6,2
DA:7,2
DA:8,1
DA:10,1
DA:13,2
DA:14,6
DA:23,6
DA:24,6
DA:27,2
LF:11
LH:11
BRDA:7,0,0,1
BRDA:7,0,1,1
BRF:2
BRH:2
end_of_record
TN:
SF:database/seed/seed-functions.js
FN:5,(anonymous_0)
FN:10,(anonymous_1)
FNF:2
FNH:2
FNDA:2,(anonymous_0)
FNDA:2,(anonymous_1)
DA:1,1
DA:5,1
DA:6,2
DA:7,2
DA:10,1
DA:11,2
DA:12,2
DA:14,2
DA:15,6
DA:19,0
DA:23,1
LF:11
LH:10
BRF:0
BRH:0
end_of_record
TN:
SF:server/app.js
FN:6,(anonymous_0)
FNF:1
FNH:1
FNDA:2,(anonymous_0)
DA:1,1
DA:2,1
DA:4,1
DA:6,1
DA:7,2
DA:8,2
DA:9,1
DA:11,1
DA:12,1
DA:16,1
LF:10
LH:10
BRF:0
BRH:0
end_of_record
